

Microchip MPLAB XC8 Assembler V2.40 build 20220703182018 
                                                                                               Fri Nov 04 20:47:06 2022

Microchip MPLAB XC8 C Compiler v2.40 (Free license) build 20220703182018 Og1 
     1                           	processor	18F4520
     2                           	fnconf	rparam,??,?,0
     3                           	pagewidth 120
     4                           	opt	flic
     5                           	psect	idataCOMRAM,global,class=CODE,delta=1,noexec
     6                           	psect	idataBANK0,global,class=CODE,delta=1,noexec
     7                           	psect	cinit,global,reloc=2,class=CODE,delta=1
     8                           	psect	dataCOMRAM,global,class=COMRAM,space=1,delta=1,lowdata,noexec
     9                           	psect	dataBANK0,global,class=BANK0,space=1,delta=1,lowdata,noexec
    10                           	psect	cstackCOMRAM,global,class=COMRAM,space=1,delta=1,lowdata,noexec
    11                           	psect	text0,global,reloc=2,class=CODE,delta=1
    12                           	psect	text1,global,reloc=2,class=CODE,delta=1
    13                           	psect	intsave_regs,global,class=BIGRAM,space=1,delta=1,noexec
    14                           	psect	rparam,global,class=COMRAM,space=1,delta=1,noexec
    15                           	psect	idloc,global,abs,ovrld,class=IDLOC,space=5,delta=1,noexec
    16                           	psect	config,global,abs,ovrld,class=CONFIG,space=4,delta=1,noexec
    17   000000                     
    18                           ; Version 2.40
    19                           ; Generated 17/11/2021 GMT
    20                           ; 
    21                           ; Copyright © 2021, Microchip Technology Inc. and its subsidiaries ("Microchip")
    22                           ; All rights reserved.
    23                           ; 
    24                           ; This software is developed by Microchip Technology Inc. and its subsidiaries ("Microch
      +                          ip").
    25                           ; 
    26                           ; Redistribution and use in source and binary forms, with or without modification, are
    27                           ; permitted provided that the following conditions are met:
    28                           ; 
    29                           ;     1. Redistributions of source code must retain the above copyright notice, this lis
      +                          t of
    30                           ;        conditions and the following disclaimer.
    31                           ; 
    32                           ;     2. Redistributions in binary form must reproduce the above copyright notice, this 
      +                          list
    33                           ;        of conditions and the following disclaimer in the documentation and/or other
    34                           ;        materials provided with the distribution. Publication is not required when
    35                           ;        this file is used in an embedded application.
    36                           ; 
    37                           ;     3. Microchip's name may not be used to endorse or promote products derived from th
      +                          is
    38                           ;        software without specific prior written permission.
    39                           ; 
    40                           ; THIS SOFTWARE IS PROVIDED BY MICROCHIP "AS IS" AND ANY EXPRESS OR IMPLIED WARRANTIES,
    41                           ; INCLUDING, BUT NOT LIMITED TO, THE IMPLIED WARRANTIES OF MERCHANTABILITY AND FITNESS F
      +                          OR
    42                           ; PURPOSE ARE DISCLAIMED.  IN NO EVENT SHALL MICROCHIP BE LIABLE FOR ANY DIRECT, INDIREC
      +                          T,
    43                           ; INCIDENTAL, SPECIAL, EXEMPLARY, OR CONSEQUENTIAL DAMAGES (INCLUDING BUT NOT LIMITED TO
    44                           ; PROCUREMENT OF SUBSTITUTE GOODS OR SERVICES; LOSS OF USE, DATA OR PROFITS; OR BUSINESS
    45                           ; INTERRUPTION) HOWSOEVER CAUSED AND ON ANY THEORY OF LIABILITY, WHETHER IN CONTRACT, ST
      +                          RICT
    46                           ; LIABILITY, OR TORT (INCLUDING NEGLIGENCE OR OTHERWISE) ARISING IN ANY WAY OUT OF THE U
      +                          SE OF
    47                           ; THIS SOFTWARE, EVEN IF ADVISED OF THE POSSIBILITY OF SUCH DAMAGE.
    48                           ; 
    49                           ; 
    50                           ; Code-generator required, PIC18F4520 Definitions
    51                           ; 
    52                           ; SFR Addresses
    53   000000                     
    54                           	psect	idataCOMRAM
    55   007F16                     __pidataCOMRAM:
    56                           	callstack 0
    57                           
    58                           ;initializer for _setScanLimitPacket
    59   007F16  0000               	dw	0
    60   007F18  0000               	dw	0
    61   007F1A  0000               	dw	0
    62   007F1C  0000               	dw	0
    63   007F1E  0001               	dw	1
    64   007F20  0000               	dw	0
    65   007F22  0001               	dw	1
    66   007F24  0001               	dw	1
    67   007F26  0000               	dw	0
    68   007F28  0000               	dw	0
    69   007F2A  0000               	dw	0
    70   007F2C  0000               	dw	0
    71   007F2E  0000               	dw	0
    72   007F30  0001               	dw	1
    73   007F32  0001               	dw	1
    74   007F34  0001               	dw	1
    75                           
    76                           ;initializer for _noDecodeModePacket
    77   007F36  0001               	dw	1
    78   007F38  0001               	dw	1
    79   007F3A  0001               	dw	1
    80   007F3C  0001               	dw	1
    81   007F3E  0001               	dw	1
    82   007F40  0000               	dw	0
    83   007F42  0000               	dw	0
    84   007F44  0001               	dw	1
    85   007F46  0000               	dw	0
    86   007F48  0000               	dw	0
    87   007F4A  0000               	dw	0
    88   007F4C  0000               	dw	0
    89   007F4E  0000               	dw	0
    90   007F50  0000               	dw	0
    91   007F52  0000               	dw	0
    92   007F54  0000               	dw	0
    93                           
    94                           ;initializer for _shutdownModeON
    95   007F56  0001               	dw	1
    96   007F58  0001               	dw	1
    97   007F5A  0001               	dw	1
    98   007F5C  0001               	dw	1
    99   007F5E  0001               	dw	1
   100   007F60  0001               	dw	1
   101   007F62  0000               	dw	0
   102   007F64  0000               	dw	0
   103   007F66  0000               	dw	0
   104   007F68  0000               	dw	0
   105   007F6A  0000               	dw	0
   106   007F6C  0000               	dw	0
   107   007F6E  0000               	dw	0
   108   007F70  0000               	dw	0
   109   007F72  0000               	dw	0
   110   007F74  0000               	dw	0
   111                           
   112                           	psect	idataBANK0
   113   007EB6                     __pidataBANK0:
   114                           	callstack 0
   115                           
   116                           ;initializer for _shutdownModeOFF
   117   007EB6  0001               	dw	1
   118   007EB8  0001               	dw	1
   119   007EBA  0001               	dw	1
   120   007EBC  0001               	dw	1
   121   007EBE  0001               	dw	1
   122   007EC0  0001               	dw	1
   123   007EC2  0000               	dw	0
   124   007EC4  0000               	dw	0
   125   007EC6  0001               	dw	1
   126   007EC8  0001               	dw	1
   127   007ECA  0001               	dw	1
   128   007ECC  0001               	dw	1
   129   007ECE  0001               	dw	1
   130   007ED0  0001               	dw	1
   131   007ED2  0001               	dw	1
   132   007ED4  0001               	dw	1
   133                           
   134                           ;initializer for _NormalModePacket
   135   007ED6  0001               	dw	1
   136   007ED8  0001               	dw	1
   137   007EDA  0001               	dw	1
   138   007EDC  0001               	dw	1
   139   007EDE  0001               	dw	1
   140   007EE0  0001               	dw	1
   141   007EE2  0001               	dw	1
   142   007EE4  0001               	dw	1
   143   007EE6  0001               	dw	1
   144   007EE8  0001               	dw	1
   145   007EEA  0001               	dw	1
   146   007EEC  0001               	dw	1
   147   007EEE  0001               	dw	1
   148   007EF0  0001               	dw	1
   149   007EF2  0001               	dw	1
   150   007EF4  0000               	dw	0
   151                           
   152                           ;initializer for _ledTestModePacket
   153   007EF6  0001               	dw	1
   154   007EF8  0001               	dw	1
   155   007EFA  0001               	dw	1
   156   007EFC  0001               	dw	1
   157   007EFE  0001               	dw	1
   158   007F00  0001               	dw	1
   159   007F02  0001               	dw	1
   160   007F04  0001               	dw	1
   161   007F06  0000               	dw	0
   162   007F08  0000               	dw	0
   163   007F0A  0000               	dw	0
   164   007F0C  0000               	dw	0
   165   007F0E  0000               	dw	0
   166   007F10  0000               	dw	0
   167   007F12  0000               	dw	0
   168   007F14  0001               	dw	1
   169   000000                     _LATBbits	set	3978
   170   000000                     _TRISB	set	3987
   171                           
   172                           ; #config settings
   173                           
   174                           	psect	cinit
   175   007E70                     __pcinit:
   176                           	callstack 0
   177   007E70                     start_initialization:
   178                           	callstack 0
   179   007E70                     __initialization:
   180                           	callstack 0
   181                           
   182                           ; Initialize objects allocated to BANK0 (96 bytes)
   183                           ; load TBLPTR registers with __pidataBANK0
   184   007E70  0EB6               	movlw	low __pidataBANK0
   185   007E72  6EF6               	movwf	tblptrl,c
   186   007E74  0E7E               	movlw	high __pidataBANK0
   187   007E76  6EF7               	movwf	tblptrh,c
   188   007E78  0E00               	movlw	low (__pidataBANK0 shr (0+16))
   189   007E7A  6EF8               	movwf	tblptru,c
   190   007E7C  EE00  F080         	lfsr	0,__pdataBANK0
   191   007E80  EE10 F060          	lfsr	1,96
   192   007E84                     copy_data0:
   193   007E84  0009               	tblrd		*+
   194   007E86  CFF5 FFEE          	movff	tablat,postinc0
   195   007E8A  50E5               	movf	postdec1,w,c
   196   007E8C  50E1               	movf	fsr1l,w,c
   197   007E8E  E1FA               	bnz	copy_data0
   198                           
   199                           ; Initialize objects allocated to COMRAM (96 bytes)
   200                           ; load TBLPTR registers with __pidataCOMRAM
   201   007E90  0E16               	movlw	low __pidataCOMRAM
   202   007E92  6EF6               	movwf	tblptrl,c
   203   007E94  0E7F               	movlw	high __pidataCOMRAM
   204   007E96  6EF7               	movwf	tblptrh,c
   205   007E98  0E00               	movlw	low (__pidataCOMRAM shr (0+16))
   206   007E9A  6EF8               	movwf	tblptru,c
   207   007E9C  EE00  F001         	lfsr	0,__pdataCOMRAM
   208   007EA0  EE10 F060          	lfsr	1,96
   209   007EA4                     copy_data1:
   210   007EA4  0009               	tblrd		*+
   211   007EA6  CFF5 FFEE          	movff	tablat,postinc0
   212   007EAA  50E5               	movf	postdec1,w,c
   213   007EAC  50E1               	movf	fsr1l,w,c
   214   007EAE  E1FA               	bnz	copy_data1
   215   007EB0                     end_of_initialization:
   216                           	callstack 0
   217   007EB0                     __end_of__initialization:
   218                           	callstack 0
   219   007EB0  0100               	movlb	0
   220   007EB2  EF19  F03F         	goto	_main	;jump to C main() function
   221                           
   222                           	psect	dataCOMRAM
   223   000001                     __pdataCOMRAM:
   224                           	callstack 0
   225   000001                     _setScanLimitPacket:
   226                           	callstack 0
   227   000001                     	ds	32
   228   000021                     _noDecodeModePacket:
   229                           	callstack 0
   230   000021                     	ds	32
   231   000041                     _shutdownModeON:
   232                           	callstack 0
   233   000041                     	ds	32
   234                           
   235                           	psect	dataBANK0
   236   000080                     __pdataBANK0:
   237                           	callstack 0
   238   000080                     _shutdownModeOFF:
   239                           	callstack 0
   240   000080                     	ds	32
   241   0000A0                     _NormalModePacket:
   242                           	callstack 0
   243   0000A0                     	ds	32
   244   0000C0                     _ledTestModePacket:
   245                           	callstack 0
   246   0000C0                     	ds	32
   247                           
   248                           	psect	cstackCOMRAM
   249   000061                     __pcstackCOMRAM:
   250                           	callstack 0
   251   000061                     writeToMax7219@address:
   252                           	callstack 0
   253                           
   254                           ; 2 bytes @ 0x0
   255   000061                     	ds	2
   256   000063                     ??_writeToMax7219:
   257                           
   258                           ; 1 bytes @ 0x2
   259   000063                     	ds	2
   260   000065                     writeToMax7219@i:
   261                           	callstack 0
   262                           
   263                           ; 2 bytes @ 0x4
   264   000065                     	ds	2
   265   000067                     ??_main:
   266                           
   267                           ; 1 bytes @ 0x6
   268   000067                     	ds	1
   269                           
   270 ;;
   271 ;;Main: autosize = 0, tempsize = 1, incstack = 0, save=0
   272 ;;
   273 ;; *************** function _main *****************
   274 ;; Defined at:
   275 ;;		line 28 in file "main.c"
   276 ;; Parameters:    Size  Location     Type
   277 ;;		None
   278 ;; Auto vars:     Size  Location     Type
   279 ;;		None
   280 ;; Return value:  Size  Location     Type
   281 ;;                  1    wreg      void 
   282 ;; Registers used:
   283 ;;		wreg, fsr2l, fsr2h, status,2, status,0, cstack
   284 ;; Tracked objects:
   285 ;;		On entry : 0/0
   286 ;;		On exit  : 0/0
   287 ;;		Unchanged: 0/0
   288 ;; Data sizes:     COMRAM   BANK0   BANK1   BANK2   BANK3   BANK4   BANK5
   289 ;;      Params:         0       0       0       0       0       0       0
   290 ;;      Locals:         0       0       0       0       0       0       0
   291 ;;      Temps:          1       0       0       0       0       0       0
   292 ;;      Totals:         1       0       0       0       0       0       0
   293 ;;Total ram usage:        1 bytes
   294 ;; Hardware stack levels required when called: 1
   295 ;; This function calls:
   296 ;;		_writeToMax7219
   297 ;; This function is called by:
   298 ;;		Startup code after reset
   299 ;; This function uses a non-reentrant model
   300 ;;
   301                           
   302                           	psect	text0
   303   007E32                     __ptext0:
   304                           	callstack 0
   305   007E32                     _main:
   306                           	callstack 30
   307   007E32                     
   308                           ;main.c: 30:     TRISB = 0;
   309   007E32  0E00               	movlw	0
   310   007E34  6E93               	movwf	147,c	;volatile
   311   007E36                     
   312                           ;main.c: 33:     LATBbits.LATB0 = 0;
   313   007E36  908A               	bcf	138,0,c	;volatile
   314   007E38                     
   315                           ;main.c: 34:     LATBbits.LATB1 = 0;
   316   007E38  928A               	bcf	138,1,c	;volatile
   317   007E3A                     
   318                           ;main.c: 35:     LATBbits.LATB2 = 0;
   319   007E3A  948A               	bcf	138,2,c	;volatile
   320   007E3C                     
   321                           ;main.c: 37:     LATBbits.LATB1 = 1;
   322   007E3C  828A               	bsf	138,1,c	;volatile
   323   007E3E                     
   324                           ;main.c: 38:     _delay((unsigned long)((250)*(1000000/4000.0)));
   325   007E3E  0E52               	movlw	82
   326   007E40  6E67               	movwf	??_main^0,c
   327   007E42  0E2A               	movlw	42
   328   007E44                     u57:
   329   007E44  2EE8               	decfsz	wreg,f,c
   330   007E46  D7FE               	bra	u57
   331   007E48  2E67               	decfsz	??_main^0,f,c
   332   007E4A  D7FC               	bra	u57
   333   007E4C                     
   334                           ;main.c: 39:     LATBbits.LATB1 = 0;
   335   007E4C  928A               	bcf	138,1,c	;volatile
   336   007E4E                     
   337                           ;main.c: 43:     _delay((unsigned long)((250)*(1000000/4000.0)));
   338   007E4E  0E52               	movlw	82
   339   007E50  6E67               	movwf	??_main^0,c
   340   007E52  0E2A               	movlw	42
   341   007E54                     u67:
   342   007E54  2EE8               	decfsz	wreg,f,c
   343   007E56  D7FE               	bra	u67
   344   007E58  2E67               	decfsz	??_main^0,f,c
   345   007E5A  D7FC               	bra	u67
   346   007E5C                     
   347                           ;main.c: 45:     writeToMax7219(shutdownModeON);
   348   007E5C  0E41               	movlw	low _shutdownModeON
   349   007E5E  6E61               	movwf	writeToMax7219@address^0,c
   350   007E60  0E00               	movlw	high _shutdownModeON
   351   007E62  6E62               	movwf	(writeToMax7219@address+1)^0,c
   352   007E64  ECBB  F03F         	call	_writeToMax7219	;wreg free
   353   007E68                     l25:
   354   007E68  EF34  F03F         	goto	l25
   355   007E6C  EF00  F000         	goto	start
   356   007E70                     __end_of_main:
   357                           	callstack 0
   358                           
   359 ;; *************** function _writeToMax7219 *****************
   360 ;; Defined at:
   361 ;;		line 53 in file "main.c"
   362 ;; Parameters:    Size  Location     Type
   363 ;;  address         2    0[COMRAM] PTR int 
   364 ;;		 -> shutdownModeON(32), 
   365 ;; Auto vars:     Size  Location     Type
   366 ;;  i               2    4[COMRAM] int 
   367 ;; Return value:  Size  Location     Type
   368 ;;                  1    wreg      void 
   369 ;; Registers used:
   370 ;;		wreg, fsr2l, fsr2h, status,2, status,0
   371 ;; Tracked objects:
   372 ;;		On entry : 0/0
   373 ;;		On exit  : 0/0
   374 ;;		Unchanged: 0/0
   375 ;; Data sizes:     COMRAM   BANK0   BANK1   BANK2   BANK3   BANK4   BANK5
   376 ;;      Params:         2       0       0       0       0       0       0
   377 ;;      Locals:         2       0       0       0       0       0       0
   378 ;;      Temps:          2       0       0       0       0       0       0
   379 ;;      Totals:         6       0       0       0       0       0       0
   380 ;;Total ram usage:        6 bytes
   381 ;; Hardware stack levels used: 1
   382 ;; This function calls:
   383 ;;		Nothing
   384 ;; This function is called by:
   385 ;;		_main
   386 ;; This function uses a non-reentrant model
   387 ;;
   388                           
   389                           	psect	text1
   390   007F76                     __ptext1:
   391                           	callstack 0
   392   007F76                     _writeToMax7219:
   393                           	callstack 30
   394   007F76                     
   395                           ;main.c: 53: void writeToMax7219(int address[16]);main.c: 54: {;main.c: 57:     LATBbits
      +                          .LATB0 = 0;
   396   007F76  908A               	bcf	138,0,c	;volatile
   397                           
   398                           ;main.c: 58:     LATBbits.LATB1 = 0;
   399   007F78  928A               	bcf	138,1,c	;volatile
   400                           
   401                           ;main.c: 59:     LATBbits.LATB2 = 0;
   402   007F7A  948A               	bcf	138,2,c	;volatile
   403   007F7C                     
   404                           ;main.c: 61:     int i = 0;
   405   007F7C  0E00               	movlw	0
   406   007F7E  6E66               	movwf	(writeToMax7219@i+1)^0,c
   407   007F80  0E00               	movlw	0
   408   007F82  6E65               	movwf	writeToMax7219@i^0,c
   409                           
   410                           ;main.c: 63:     for(i = 0; i < 16; i++)
   411   007F84  0E00               	movlw	0
   412   007F86  6E66               	movwf	(writeToMax7219@i+1)^0,c
   413   007F88  0E00               	movlw	0
   414   007F8A  6E65               	movwf	writeToMax7219@i^0,c
   415   007F8C                     l759:
   416                           
   417                           ;main.c: 64:     {;main.c: 65:         if(address[i] == 1)
   418   007F8C  90D8               	bcf	status,0,c
   419   007F8E  3465               	rlcf	writeToMax7219@i^0,w,c
   420   007F90  6ED9               	movwf	fsr2l,c
   421   007F92  3466               	rlcf	(writeToMax7219@i+1)^0,w,c
   422   007F94  6EDA               	movwf	fsr2h,c
   423   007F96  5061               	movf	writeToMax7219@address^0,w,c
   424   007F98  26D9               	addwf	fsr2l,f,c
   425   007F9A  5062               	movf	(writeToMax7219@address+1)^0,w,c
   426   007F9C  22DA               	addwfc	fsr2h,f,c
   427   007F9E  04DE               	decf	postinc2,w,c
   428   007FA0  10DE               	iorwf	postinc2,w,c
   429   007FA2  A4D8               	btfss	status,2,c
   430   007FA4  EFD6  F03F         	goto	u31
   431   007FA8  EFD8  F03F         	goto	u30
   432   007FAC                     u31:
   433   007FAC  EFDB  F03F         	goto	l33
   434   007FB0                     u30:
   435   007FB0                     
   436                           ;main.c: 66:         {;main.c: 67:             LATBbits.LATB0 = 1;
   437   007FB0  808A               	bsf	138,0,c	;volatile
   438                           
   439                           ;main.c: 68:         }
   440   007FB2  EFDC  F03F         	goto	l34
   441   007FB6                     l33:
   442                           
   443                           ;main.c: 70:         {;main.c: 71:             LATBbits.LATB0 = 0;
   444   007FB6  908A               	bcf	138,0,c	;volatile
   445   007FB8                     l34:
   446                           
   447                           ;main.c: 74:         LATBbits.LATB2 = 1;
   448   007FB8  848A               	bsf	138,2,c	;volatile
   449   007FBA                     
   450                           ;main.c: 75:         _delay((unsigned long)((1)*(1000000/4000.0)));
   451   007FBA  0E53               	movlw	83
   452   007FBC                     u77:
   453   007FBC  2EE8               	decfsz	wreg,f,c
   454   007FBE  D7FE               	bra	u77
   455   007FC0  F000               	nop	
   456   007FC2                     
   457                           ;main.c: 76:         LATBbits.LATB2 = 0;
   458   007FC2  948A               	bcf	138,2,c	;volatile
   459                           
   460                           ;main.c: 77:         _delay((unsigned long)((1)*(1000000/4000.0)));
   461   007FC4  0E53               	movlw	83
   462   007FC6                     u87:
   463   007FC6  2EE8               	decfsz	wreg,f,c
   464   007FC8  D7FE               	bra	u87
   465   007FCA  F000               	nop	
   466   007FCC                     
   467                           ;main.c: 78:     }
   468   007FCC  4A65               	infsnz	writeToMax7219@i^0,f,c
   469   007FCE  2A66               	incf	(writeToMax7219@i+1)^0,f,c
   470   007FD0  BE66               	btfsc	(writeToMax7219@i+1)^0,7,c
   471   007FD2  EFF4  F03F         	goto	u41
   472   007FD6  5066               	movf	(writeToMax7219@i+1)^0,w,c
   473   007FD8  E109               	bnz	u40
   474   007FDA  0E10               	movlw	16
   475   007FDC  5C65               	subwf	writeToMax7219@i^0,w,c
   476   007FDE  A0D8               	btfss	status,0,c
   477   007FE0  EFF4  F03F         	goto	u41
   478   007FE4  EFF6  F03F         	goto	u40
   479   007FE8                     u41:
   480   007FE8  EFC6  F03F         	goto	l759
   481   007FEC                     u40:
   482   007FEC                     
   483                           ;main.c: 81:     LATBbits.LATB1 = 1;
   484   007FEC  828A               	bsf	138,1,c	;volatile
   485   007FEE                     
   486                           ;main.c: 82:     _delay((unsigned long)((10)*(1000000/4000.0)));
   487   007FEE  0E04               	movlw	4
   488   007FF0  6E63               	movwf	??_writeToMax7219^0,c
   489   007FF2  0E3E               	movlw	62
   490   007FF4                     u97:
   491   007FF4  2EE8               	decfsz	wreg,f,c
   492   007FF6  D7FE               	bra	u97
   493   007FF8  2E63               	decfsz	??_writeToMax7219^0,f,c
   494   007FFA  D7FC               	bra	u97
   495   007FFC                     
   496                           ;main.c: 83:     LATBbits.LATB1 = 0;
   497   007FFC  928A               	bcf	138,1,c	;volatile
   498   007FFE  0012               	return		;funcret
   499   008000                     __end_of_writeToMax7219:
   500                           	callstack 0
   501   000000                     
   502                           	psect	rparam
   503   000000                     
   504                           	psect	idloc
   505                           
   506                           ;Config register IDLOC0 @ 0x200000
   507                           ;	unspecified, using default values
   508   200000                     	org	2097152
   509   200000  FF                 	db	255
   510                           
   511                           ;Config register IDLOC1 @ 0x200001
   512                           ;	unspecified, using default values
   513   200001                     	org	2097153
   514   200001  FF                 	db	255
   515                           
   516                           ;Config register IDLOC2 @ 0x200002
   517                           ;	unspecified, using default values
   518   200002                     	org	2097154
   519   200002  FF                 	db	255
   520                           
   521                           ;Config register IDLOC3 @ 0x200003
   522                           ;	unspecified, using default values
   523   200003                     	org	2097155
   524   200003  FF                 	db	255
   525                           
   526                           ;Config register IDLOC4 @ 0x200004
   527                           ;	unspecified, using default values
   528   200004                     	org	2097156
   529   200004  FF                 	db	255
   530                           
   531                           ;Config register IDLOC5 @ 0x200005
   532                           ;	unspecified, using default values
   533   200005                     	org	2097157
   534   200005  FF                 	db	255
   535                           
   536                           ;Config register IDLOC6 @ 0x200006
   537                           ;	unspecified, using default values
   538   200006                     	org	2097158
   539   200006  FF                 	db	255
   540                           
   541                           ;Config register IDLOC7 @ 0x200007
   542                           ;	unspecified, using default values
   543   200007                     	org	2097159
   544   200007  FF                 	db	255
   545                           
   546                           	psect	config
   547                           
   548                           ; Padding undefined space
   549   300000                     	org	3145728
   550   300000  FF                 	db	255
   551                           
   552                           ;Config register CONFIG1H @ 0x300001
   553                           ;	Oscillator Selection bits
   554                           ;	OSC = INTIO67, Internal oscillator block, port function on RA6 and RA7
   555                           ;	Fail-Safe Clock Monitor Enable bit
   556                           ;	FCMEN = OFF, Fail-Safe Clock Monitor disabled
   557                           ;	Internal/External Oscillator Switchover bit
   558                           ;	IESO = OFF, Oscillator Switchover mode disabled
   559   300001                     	org	3145729
   560   300001  08                 	db	8
   561                           
   562                           ;Config register CONFIG2L @ 0x300002
   563                           ;	Power-up Timer Enable bit
   564                           ;	PWRT = OFF, PWRT disabled
   565                           ;	Brown-out Reset Enable bits
   566                           ;	BOREN = SBORDIS, Brown-out Reset enabled in hardware only (SBOREN is disabled)
   567                           ;	Brown Out Reset Voltage bits
   568                           ;	BORV = 3, Minimum setting
   569   300002                     	org	3145730
   570   300002  1F                 	db	31
   571                           
   572                           ;Config register CONFIG2H @ 0x300003
   573                           ;	Watchdog Timer Enable bit
   574                           ;	WDT = OFF, WDT disabled (control is placed on the SWDTEN bit)
   575                           ;	Watchdog Timer Postscale Select bits
   576                           ;	WDTPS = 32768, 1:32768
   577   300003                     	org	3145731
   578   300003  1E                 	db	30
   579                           
   580                           ; Padding undefined space
   581   300004                     	org	3145732
   582   300004  FF                 	db	255
   583                           
   584                           ;Config register CONFIG3H @ 0x300005
   585                           ;	CCP2 MUX bit
   586                           ;	CCP2MX = PORTC, CCP2 input/output is multiplexed with RC1
   587                           ;	PORTB A/D Enable bit
   588                           ;	PBADEN = ON, PORTB<4:0> pins are configured as analog input channels on Reset
   589                           ;	Low-Power Timer1 Oscillator Enable bit
   590                           ;	LPT1OSC = OFF, Timer1 configured for higher power operation
   591                           ;	MCLR Pin Enable bit
   592                           ;	MCLRE = ON, MCLR pin enabled; RE3 input pin disabled
   593   300005                     	org	3145733
   594   300005  83                 	db	131
   595                           
   596                           ;Config register CONFIG4L @ 0x300006
   597                           ;	Stack Full/Underflow Reset Enable bit
   598                           ;	STVREN = ON, Stack full/underflow will cause Reset
   599                           ;	Single-Supply ICSP Enable bit
   600                           ;	LVP = ON, Single-Supply ICSP enabled
   601                           ;	Extended Instruction Set Enable bit
   602                           ;	XINST = OFF, Instruction set extension and Indexed Addressing mode disabled (Legacy mo
      +                          de)
   603                           ;	Background Debugger Enable bit
   604                           ;	DEBUG = 0x1, unprogrammed default
   605   300006                     	org	3145734
   606   300006  85                 	db	133
   607                           
   608                           ; Padding undefined space
   609   300007                     	org	3145735
   610   300007  FF                 	db	255
   611                           
   612                           ;Config register CONFIG5L @ 0x300008
   613                           ;	Code Protection bit
   614                           ;	CP0 = OFF, Block 0 (000800-001FFFh) not code-protected
   615                           ;	Code Protection bit
   616                           ;	CP1 = OFF, Block 1 (002000-003FFFh) not code-protected
   617                           ;	Code Protection bit
   618                           ;	CP2 = OFF, Block 2 (004000-005FFFh) not code-protected
   619                           ;	Code Protection bit
   620                           ;	CP3 = OFF, Block 3 (006000-007FFFh) not code-protected
   621   300008                     	org	3145736
   622   300008  0F                 	db	15
   623                           
   624                           ;Config register CONFIG5H @ 0x300009
   625                           ;	Boot Block Code Protection bit
   626                           ;	CPB = OFF, Boot block (000000-0007FFh) not code-protected
   627                           ;	Data EEPROM Code Protection bit
   628                           ;	CPD = OFF, Data EEPROM not code-protected
   629   300009                     	org	3145737
   630   300009  C0                 	db	192
   631                           
   632                           ;Config register CONFIG6L @ 0x30000A
   633                           ;	Write Protection bit
   634                           ;	WRT0 = OFF, Block 0 (000800-001FFFh) not write-protected
   635                           ;	Write Protection bit
   636                           ;	WRT1 = OFF, Block 1 (002000-003FFFh) not write-protected
   637                           ;	Write Protection bit
   638                           ;	WRT2 = OFF, Block 2 (004000-005FFFh) not write-protected
   639                           ;	Write Protection bit
   640                           ;	WRT3 = OFF, Block 3 (006000-007FFFh) not write-protected
   641   30000A                     	org	3145738
   642   30000A  0F                 	db	15
   643                           
   644                           ;Config register CONFIG6H @ 0x30000B
   645                           ;	Configuration Register Write Protection bit
   646                           ;	WRTC = OFF, Configuration registers (300000-3000FFh) not write-protected
   647                           ;	Boot Block Write Protection bit
   648                           ;	WRTB = OFF, Boot block (000000-0007FFh) not write-protected
   649                           ;	Data EEPROM Write Protection bit
   650                           ;	WRTD = OFF, Data EEPROM not write-protected
   651   30000B                     	org	3145739
   652   30000B  E0                 	db	224
   653                           
   654                           ;Config register CONFIG7L @ 0x30000C
   655                           ;	Table Read Protection bit
   656                           ;	EBTR0 = OFF, Block 0 (000800-001FFFh) not protected from table reads executed in other
      +                           blocks
   657                           ;	Table Read Protection bit
   658                           ;	EBTR1 = OFF, Block 1 (002000-003FFFh) not protected from table reads executed in other
      +                           blocks
   659                           ;	Table Read Protection bit
   660                           ;	EBTR2 = OFF, Block 2 (004000-005FFFh) not protected from table reads executed in other
      +                           blocks
   661                           ;	Table Read Protection bit
   662                           ;	EBTR3 = OFF, Block 3 (006000-007FFFh) not protected from table reads executed in other
      +                           blocks
   663   30000C                     	org	3145740
   664   30000C  0F                 	db	15
   665                           
   666                           ;Config register CONFIG7H @ 0x30000D
   667                           ;	Boot Block Table Read Protection bit
   668                           ;	EBTRB = OFF, Boot block (000000-0007FFh) not protected from table reads executed in ot
      +                          her blocks
   669   30000D                     	org	3145741
   670   30000D  40                 	db	64
   671                           tosu	equ	0xFFF
   672                           tosh	equ	0xFFE
   673                           tosl	equ	0xFFD
   674                           stkptr	equ	0xFFC
   675                           pclatu	equ	0xFFB
   676                           pclath	equ	0xFFA
   677                           pcl	equ	0xFF9
   678                           tblptru	equ	0xFF8
   679                           tblptrh	equ	0xFF7
   680                           tblptrl	equ	0xFF6
   681                           tablat	equ	0xFF5
   682                           prodh	equ	0xFF4
   683                           prodl	equ	0xFF3
   684                           indf0	equ	0xFEF
   685                           postinc0	equ	0xFEE
   686                           postdec0	equ	0xFED
   687                           preinc0	equ	0xFEC
   688                           plusw0	equ	0xFEB
   689                           fsr0h	equ	0xFEA
   690                           fsr0l	equ	0xFE9
   691                           wreg	equ	0xFE8
   692                           indf1	equ	0xFE7
   693                           postinc1	equ	0xFE6
   694                           postdec1	equ	0xFE5
   695                           preinc1	equ	0xFE4
   696                           plusw1	equ	0xFE3
   697                           fsr1h	equ	0xFE2
   698                           fsr1l	equ	0xFE1
   699                           bsr	equ	0xFE0
   700                           indf2	equ	0xFDF
   701                           postinc2	equ	0xFDE
   702                           postdec2	equ	0xFDD
   703                           preinc2	equ	0xFDC
   704                           plusw2	equ	0xFDB
   705                           fsr2h	equ	0xFDA
   706                           fsr2l	equ	0xFD9
   707                           status	equ	0xFD8

Data Sizes:
    Strings     0
    Constant    0
    Data        192
    BSS         0
    Persistent  0
    Stack       0

Auto Spaces:
    Space          Size  Autos    Used
    COMRAM          127      7     103
    BANK0           128      0      96
    BANK1           256      0       0
    BANK2           256      0       0
    BANK3           256      0       0
    BANK4           256      0       0
    BANK5           256      0       0

Pointer List with Targets:

    writeToMax7219@address	PTR int  size(2) Largest target is 32
		 -> shutdownModeON(COMRAM[32]), 


Critical Paths under _main in COMRAM

    _main->_writeToMax7219

Critical Paths under _main in BANK0

    None.

Critical Paths under _main in BANK1

    None.

Critical Paths under _main in BANK2

    None.

Critical Paths under _main in BANK3

    None.

Critical Paths under _main in BANK4

    None.

Critical Paths under _main in BANK5

    None.

Call Graph Tables:

 ---------------------------------------------------------------------------------
 (Depth) Function   	        Calls       Base Space   Used Autos Params    Refs
 ---------------------------------------------------------------------------------
 (0) _main                                                 1     1      0     167
                                              6 COMRAM     1     1      0
                     _writeToMax7219
 ---------------------------------------------------------------------------------
 (1) _writeToMax7219                                       6     4      2     167
                                              0 COMRAM     6     4      2
 ---------------------------------------------------------------------------------
 Estimated maximum stack depth 1
 ---------------------------------------------------------------------------------

 Call Graph Graphs:

 _main (ROOT)
   _writeToMax7219

 Address spaces:
Name               Size   Autos  Total    Cost      Usage
BIGRAM             5FF      0       0      20        0.0%
EEDATA             100      0       0       0        0.0%
BITBANK5           100      0       0      14        0.0%
BANK5              100      0       0      15        0.0%
BITBANK4           100      0       0      12        0.0%
BANK4              100      0       0      13        0.0%
BITBANK3           100      0       0      10        0.0%
BANK3              100      0       0      11        0.0%
BITBANK2           100      0       0       8        0.0%
BANK2              100      0       0       9        0.0%
BITBANK1           100      0       0       6        0.0%
BANK1              100      0       0       7        0.0%
BITBANK0            80      0       0       4        0.0%
BANK0               80      0      60       5       75.0%
BITCOMRAM           7F      0       0       0        0.0%
COMRAM              7F      7      67       1       81.1%
BITBIGSFRh          6C      0       0      16        0.0%
BITBIGSFRll          A      0       0      18        0.0%
BITBIGSFRlh          8      0       0      17        0.0%
BIGSFR               0      0       0     200        0.0%
BITSFR               0      0       0     200        0.0%
SFR                  0      0       0     200        0.0%
STACK                0      0       0       2        0.0%
NULL                 0      0       0       0        0.0%
ABS                  0      0      C7      19        0.0%
DATA                 0      0      C7       3        0.0%
CODE                 0      0       0       0        0.0%


Microchip Technology PIC18 Macro Assembler V2.40 build 20220703182018 
Symbol Table                                                                                   Fri Nov 04 20:47:06 2022

                     l32 7FEC                       l33 7FB6                       l25 7E68  
                     l34 7FB8                       l26 7E68                       l35 7FFE  
                     u30 7FB0                       u31 7FAC                       u40 7FEC  
                     u41 7FE8                       u57 7E44                       u67 7E54  
                     u77 7FBC                       u87 7FC6                       u97 7FF4  
     _noDecodeModePacket 0021    writeToMax7219@address 0061                      l751 7F76  
                    l761 7FB0                      l753 7F7C                      l771 7FFC  
                    l763 7FBA                      l765 7FC2                      l781 7E3C  
                    l773 7E32                      l767 7FCC                      l759 7F8C  
                    l783 7E3E                      l775 7E36                      l769 7FEE  
                    l785 7E4C                      l777 7E38                      l787 7E4E  
                    l779 7E3A                      l789 7E5C                      wreg 000FE8  
         _shutdownModeON 0041                     _main 7E32                     fsr2h 000FDA  
                   fsr1l 000FE1                     fsr2l 000FD9                     start 0000  
           ___param_bank 000000         ??_writeToMax7219 0063                    ?_main 0061  
                  _TRISB 000F93          _shutdownModeOFF 0080                    tablat 000FF5  
                  status 000FD8          __initialization 7E70             __end_of_main 7E70  
                 ??_main 0067            __activetblptr 000000                   isa$std 000001  
           __pdataCOMRAM 0001                   tblptrh 000FF7                   tblptrl 000FF6  
                 tblptru 000FF8        _ledTestModePacket 00C0               __accesstop 0080  
__end_of__initialization 7EB0            ___rparam_used 000001           __pcstackCOMRAM 0061  
           __pidataBANK0 7EB6       _setScanLimitPacket 0001                  __Hparam 0000  
                __Lparam 0000                  __pcinit 7E70                  __ramtop 0600  
                __ptext0 7E32                  __ptext1 7F76     end_of_initialization 7EB0  
                postdec1 000FE5                  postinc0 000FEE                  postinc2 000FDE  
          __pidataCOMRAM 7F16      start_initialization 7E70              __pdataBANK0 0080  
       _NormalModePacket 00A0           _writeToMax7219 7F76                 _LATBbits 000F8A  
 __end_of_writeToMax7219 8000                copy_data0 7E84                copy_data1 7EA4  
               __Hrparam 0000                 __Lrparam 0000          ?_writeToMax7219 0061  
               isa$xinst 000000          writeToMax7219@i 0065  
